<?xml version="1.0" encoding="UTF-8"?>
<testng-results ignored="0" total="6" passed="6" failed="0" skipped="0">
  <reporter-output>
  </reporter-output>
  <suite started-at="2023-11-02T13:40:34 IST" name="Default suite" finished-at="2023-11-02T13:42:23 IST" duration-ms="108446">
    <groups>
    </groups>
    <test started-at="2023-11-02T13:40:34 IST" name="Default test" finished-at="2023-11-02T13:42:23 IST" duration-ms="108446">
      <class name="RetirementCalculatorTests">
        <test-method is-config="true" signature="setUpExtentReport()[pri:0, instance:RetirementCalculatorTests@6440112d]" started-at="2023-11-02T13:40:34 IST" name="setUpExtentReport" finished-at="2023-11-02T13:40:34 IST" duration-ms="215" status="PASS">
          <reporter-output>
          </reporter-output>
        </test-method> <!-- setUpExtentReport -->
        <test-method is-config="true" signature="setUp()[pri:0, instance:RetirementCalculatorTests@6440112d]" started-at="2023-11-02T13:40:34 IST" name="setUp" finished-at="2023-11-02T13:40:39 IST" duration-ms="4760" status="PASS">
          <reporter-output>
          </reporter-output>
        </test-method> <!-- setUp -->
        <test-method signature="verifyMandatoryFields()[pri:0, instance:RetirementCalculatorTests@6440112d]" started-at="2023-11-02T13:40:39 IST" name="verifyMandatoryFields" finished-at="2023-11-02T13:41:16 IST" duration-ms="37360" status="PASS">
          <reporter-output>
          </reporter-output>
        </test-method> <!-- verifyMandatoryFields -->
        <test-method signature="verifyPageTitle()[pri:0, instance:RetirementCalculatorTests@6440112d]" started-at="2023-11-02T13:41:16 IST" name="verifyPageTitle" finished-at="2023-11-02T13:41:41 IST" duration-ms="25113" status="PASS">
          <reporter-output>
          </reporter-output>
        </test-method> <!-- verifyPageTitle -->
        <test-method signature="testCase1()[pri:1, instance:RetirementCalculatorTests@6440112d]" started-at="2023-11-02T13:41:41 IST" name="testCase1" finished-at="2023-11-02T13:41:57 IST" duration-ms="15352" status="PASS">
          <reporter-output>
          </reporter-output>
        </test-method> <!-- testCase1 -->
        <test-method signature="testCase2()[pri:2, instance:RetirementCalculatorTests@6440112d]" started-at="2023-11-02T13:41:57 IST" name="testCase2" finished-at="2023-11-02T13:42:03 IST" duration-ms="6322" status="PASS">
          <reporter-output>
          </reporter-output>
        </test-method> <!-- testCase2 -->
        <test-method signature="testCase3()[pri:3, instance:RetirementCalculatorTests@6440112d]" started-at="2023-11-02T13:42:03 IST" name="testCase3" finished-at="2023-11-02T13:42:13 IST" duration-ms="10114" status="PASS">
          <reporter-output>
          </reporter-output>
        </test-method> <!-- testCase3 -->
        <test-method signature="testCase4()[pri:4, instance:RetirementCalculatorTests@6440112d]" started-at="2023-11-02T13:42:13 IST" name="testCase4" finished-at="2023-11-02T13:42:21 IST" duration-ms="7357" status="PASS">
          <reporter-output>
          </reporter-output>
        </test-method> <!-- testCase4 -->
        <test-method is-config="true" signature="tearDown()[pri:0, instance:RetirementCalculatorTests@6440112d]" started-at="2023-11-02T13:42:21 IST" name="tearDown" finished-at="2023-11-02T13:42:23 IST" duration-ms="2002" status="PASS">
          <reporter-output>
          </reporter-output>
        </test-method> <!-- tearDown -->
      </class> <!-- RetirementCalculatorTests -->
    </test> <!-- Default test -->
  </suite> <!-- Default suite -->
</testng-results>
